2021-03-22 09:40:27,246 [Worker-1: Loading available Gradle versions] INFO  o.e.b.c.i.u.g.PublishedGradleVersions - Gradle version information cache is not available. Remote download required.
2021-03-22 09:41:03,973 [Worker-0: Loading available Gradle versions] INFO  o.e.b.c.i.u.g.PublishedGradleVersions - Gradle version information cache is up-to-date. Trying to read.
2021-03-22 09:43:28,575 [Worker-0: Loading available Gradle versions] INFO  o.e.b.c.i.u.g.PublishedGradleVersions - Gradle version information cache is up-to-date. Trying to read.
2021-03-22 10:23:47,005 [Worker-0: Loading available Gradle versions] INFO  o.e.b.c.i.u.g.PublishedGradleVersions - Gradle version information cache is up-to-date. Trying to read.
2021-03-22 10:38:36,059 [Worker-2: Loading available Gradle versions] INFO  o.e.b.c.i.u.g.PublishedGradleVersions - Gradle version information cache is up-to-date. Trying to read.
2021-03-22 11:52:42,869 [Worker-4: Loading available Gradle versions] INFO  o.e.b.c.i.u.g.PublishedGradleVersions - Gradle version information cache is up-to-date. Trying to read.
2021-03-22 12:00:06,072 [Worker-0: Loading available Gradle versions] INFO  o.e.b.c.i.u.g.PublishedGradleVersions - Gradle version information cache is up-to-date. Trying to read.
2021-03-22 12:04:23,538 [Worker-1: Loading available Gradle versions] INFO  o.e.b.c.i.u.g.PublishedGradleVersions - Gradle version information cache is up-to-date. Trying to read.
2021-03-22 12:06:07,684 [Worker-1: Loading available Gradle versions] INFO  o.e.b.c.i.u.g.PublishedGradleVersions - Gradle version information cache is up-to-date. Trying to read.
2021-03-22 12:06:59,058 [Worker-1: Loading available Gradle versions] INFO  o.e.b.c.i.u.g.PublishedGradleVersions - Gradle version information cache is up-to-date. Trying to read.
2021-03-22 12:08:38,754 [Worker-2: Loading available Gradle versions] INFO  o.e.b.c.i.u.g.PublishedGradleVersions - Gradle version information cache is up-to-date. Trying to read.
2021-03-22 12:14:55,936 [Worker-2: Loading available Gradle versions] INFO  o.e.b.c.i.u.g.PublishedGradleVersions - Gradle version information cache is up-to-date. Trying to read.
2021-03-23 08:45:01,973 [Worker-4: Loading available Gradle versions] INFO  o.e.b.c.i.u.g.PublishedGradleVersions - Gradle version information cache is up-to-date. Trying to read.
2021-03-23 08:45:10,637 [Start Help Server] INFO  org.eclipse.jetty.util.log - Logging initialized @34058ms to org.eclipse.jetty.util.log.Slf4jLog
2021-03-23 08:45:11,088 [Start Help Server] INFO  org.eclipse.jetty.server.Server - jetty-9.4.37.v20210219; built: 2021-02-23T06:49:41.320Z; git: 27afab2bd37780d179836e313e0fe11bc4fa0ce9; jvm 15.0.2+7-27
2021-03-23 08:45:11,114 [Start Help Server] INFO  org.eclipse.jetty.server.session - DefaultSessionIdManager workerName=node0
2021-03-23 08:45:11,114 [Start Help Server] INFO  org.eclipse.jetty.server.session - No SessionScavenger set, using defaults
2021-03-23 08:45:11,115 [Start Help Server] INFO  org.eclipse.jetty.server.session - node0 Scavenging every 600000ms
2021-03-23 08:45:11,149 [Start Help Server] INFO  o.e.j.server.handler.ContextHandler - Started o.e.j.s.ServletContextHandler@3dac6ef3{/help,null,AVAILABLE}
2021-03-23 08:45:11,186 [Start Help Server] INFO  o.e.jetty.server.AbstractConnector - Started ServerConnector@438556c8{HTTP/1.1, (http/1.1)}{127.0.0.1:50172}
2021-03-23 08:45:11,186 [Start Help Server] INFO  org.eclipse.jetty.server.Server - Started @34634ms
2021-03-23 08:45:11,186 [Start Help Server] INFO  org.eclipse.jetty.server.session - node0 Scavenging every 660000ms
2021-03-23 09:34:23,980 [Stop Help Server] INFO  o.e.jetty.server.AbstractConnector - Stopped ServerConnector@438556c8{HTTP/1.1, (http/1.1)}{127.0.0.1:0}
2021-03-23 09:34:23,982 [Stop Help Server] INFO  org.eclipse.jetty.server.session - node0 Stopped scavenging
2021-03-23 09:34:24,006 [Stop Help Server] INFO  o.e.j.server.handler.ContextHandler - Stopped o.e.j.s.ServletContextHandler@3dac6ef3{/help,null,STOPPED}
2021-03-23 12:41:13,500 [Worker-0: Loading available Gradle versions] INFO  o.e.b.c.i.u.g.PublishedGradleVersions - Gradle version information cache is out-of-date. Trying to update.
2021-03-26 10:20:34,486 [Worker-7: Loading available Gradle versions] INFO  o.e.b.c.i.u.g.PublishedGradleVersions - Gradle version information cache is out-of-date. Trying to update.
2021-04-05 09:09:55,002 [Worker-10: Loading available Gradle versions] INFO  o.e.b.c.i.u.g.PublishedGradleVersions - Gradle version information cache is up-to-date. Trying to read.
2021-04-05 09:10:25,488 [Worker-0: Loading available Gradle versions] INFO  o.e.b.c.i.u.g.PublishedGradleVersions - Gradle version information cache is up-to-date. Trying to read.
2021-04-05 10:17:59,671 [Worker-2: Loading available Gradle versions] INFO  o.e.b.c.i.u.g.PublishedGradleVersions - Gradle version information cache is up-to-date. Trying to read.
2021-04-05 11:47:03,773 [Worker-1: Loading available Gradle versions] INFO  o.e.b.c.i.u.g.PublishedGradleVersions - Gradle version information cache is up-to-date. Trying to read.
2021-04-06 08:38:51,881 [Worker-5: Loading available Gradle versions] INFO  o.e.b.c.i.u.g.PublishedGradleVersions - Gradle version information cache is up-to-date. Trying to read.
